CRITICAL - 2024-07-11 09:35:03 --> Error: Class "App\Models\DispatchModal" not found
[Method: GET, Route: settings/dispatch/campaigns]
in APPPATH\Controllers\DispatchController.php on line 11.
 1 SYSTEMPATH\CodeIgniter.php(933): App\Controllers\DispatchController->insert_campaign()
 2 SYSTEMPATH\CodeIgniter.php(509): CodeIgniter\CodeIgniter->runController(Object(App\Controllers\DispatchController))
 3 SYSTEMPATH\CodeIgniter.php(355): CodeIgniter\CodeIgniter->handleRequest(null, Object(Config\Cache), false)
 4 SYSTEMPATH\Boot.php(325): CodeIgniter\CodeIgniter->run()
 5 SYSTEMPATH\Boot.php(67): CodeIgniter\Boot::runCodeIgniter(Object(CodeIgniter\CodeIgniter))
 6 FCPATH\index.php(56): CodeIgniter\Boot::bootWeb(Object(Config\Paths))
 7 SYSTEMPATH\rewrite.php(44): require_once('D:\\xampp\\htdocs\\pulseme\\public\\index.php')
CRITICAL - 2024-07-11 09:35:04 --> Error: Class "App\Models\DispatchModal" not found
[Method: GET, Route: settings/dispatch/campaigns]
in APPPATH\Controllers\DispatchController.php on line 11.
 1 SYSTEMPATH\CodeIgniter.php(933): App\Controllers\DispatchController->insert_campaign()
 2 SYSTEMPATH\CodeIgniter.php(509): CodeIgniter\CodeIgniter->runController(Object(App\Controllers\DispatchController))
 3 SYSTEMPATH\CodeIgniter.php(355): CodeIgniter\CodeIgniter->handleRequest(null, Object(Config\Cache), false)
 4 SYSTEMPATH\Boot.php(325): CodeIgniter\CodeIgniter->run()
 5 SYSTEMPATH\Boot.php(67): CodeIgniter\Boot::runCodeIgniter(Object(CodeIgniter\CodeIgniter))
 6 FCPATH\index.php(56): CodeIgniter\Boot::bootWeb(Object(Config\Paths))
 7 SYSTEMPATH\rewrite.php(44): require_once('D:\\xampp\\htdocs\\pulseme\\public\\index.php')
CRITICAL - 2024-07-11 09:36:11 --> Error: Class "App\Models\DispatchModal" not found
[Method: GET, Route: settings/dispatch/campaigns]
in APPPATH\Controllers\DispatchController.php on line 11.
 1 SYSTEMPATH\CodeIgniter.php(933): App\Controllers\DispatchController->insert_campaign()
 2 SYSTEMPATH\CodeIgniter.php(509): CodeIgniter\CodeIgniter->runController(Object(App\Controllers\DispatchController))
 3 SYSTEMPATH\CodeIgniter.php(355): CodeIgniter\CodeIgniter->handleRequest(null, Object(Config\Cache), false)
 4 SYSTEMPATH\Boot.php(325): CodeIgniter\CodeIgniter->run()
 5 SYSTEMPATH\Boot.php(67): CodeIgniter\Boot::runCodeIgniter(Object(CodeIgniter\CodeIgniter))
 6 FCPATH\index.php(56): CodeIgniter\Boot::bootWeb(Object(Config\Paths))
 7 SYSTEMPATH\rewrite.php(44): require_once('D:\\xampp\\htdocs\\pulseme\\public\\index.php')
CRITICAL - 2024-07-11 09:36:12 --> Error: Class "App\Models\DispatchModal" not found
[Method: GET, Route: settings/dispatch/campaigns]
in APPPATH\Controllers\DispatchController.php on line 11.
 1 SYSTEMPATH\CodeIgniter.php(933): App\Controllers\DispatchController->insert_campaign()
 2 SYSTEMPATH\CodeIgniter.php(509): CodeIgniter\CodeIgniter->runController(Object(App\Controllers\DispatchController))
 3 SYSTEMPATH\CodeIgniter.php(355): CodeIgniter\CodeIgniter->handleRequest(null, Object(Config\Cache), false)
 4 SYSTEMPATH\Boot.php(325): CodeIgniter\CodeIgniter->run()
 5 SYSTEMPATH\Boot.php(67): CodeIgniter\Boot::runCodeIgniter(Object(CodeIgniter\CodeIgniter))
 6 FCPATH\index.php(56): CodeIgniter\Boot::bootWeb(Object(Config\Paths))
 7 SYSTEMPATH\rewrite.php(44): require_once('D:\\xampp\\htdocs\\pulseme\\public\\index.php')
CRITICAL - 2024-07-11 09:36:14 --> Error: Class "App\Models\DispatchModal" not found
[Method: GET, Route: settings/dispatch/campaigns]
in APPPATH\Controllers\DispatchController.php on line 11.
 1 SYSTEMPATH\CodeIgniter.php(933): App\Controllers\DispatchController->insert_campaign()
 2 SYSTEMPATH\CodeIgniter.php(509): CodeIgniter\CodeIgniter->runController(Object(App\Controllers\DispatchController))
 3 SYSTEMPATH\CodeIgniter.php(355): CodeIgniter\CodeIgniter->handleRequest(null, Object(Config\Cache), false)
 4 SYSTEMPATH\Boot.php(325): CodeIgniter\CodeIgniter->run()
 5 SYSTEMPATH\Boot.php(67): CodeIgniter\Boot::runCodeIgniter(Object(CodeIgniter\CodeIgniter))
 6 FCPATH\index.php(56): CodeIgniter\Boot::bootWeb(Object(Config\Paths))
 7 SYSTEMPATH\rewrite.php(44): require_once('D:\\xampp\\htdocs\\pulseme\\public\\index.php')
CRITICAL - 2024-07-11 09:36:46 --> Error: Class "App\Models\DispatchModal" not found
[Method: GET, Route: settings/dispatch/campaigns]
in APPPATH\Controllers\DispatchController.php on line 11.
 1 SYSTEMPATH\CodeIgniter.php(933): App\Controllers\DispatchController->insert_campaign()
 2 SYSTEMPATH\CodeIgniter.php(509): CodeIgniter\CodeIgniter->runController(Object(App\Controllers\DispatchController))
 3 SYSTEMPATH\CodeIgniter.php(355): CodeIgniter\CodeIgniter->handleRequest(null, Object(Config\Cache), false)
 4 SYSTEMPATH\Boot.php(325): CodeIgniter\CodeIgniter->run()
 5 SYSTEMPATH\Boot.php(67): CodeIgniter\Boot::runCodeIgniter(Object(CodeIgniter\CodeIgniter))
 6 FCPATH\index.php(56): CodeIgniter\Boot::bootWeb(Object(Config\Paths))
 7 SYSTEMPATH\rewrite.php(44): require_once('D:\\xampp\\htdocs\\pulseme\\public\\index.php')
CRITICAL - 2024-07-11 10:00:01 --> Error: Class "App\Controllers\TechnicianModel" not found
[Method: POST, Route: DispatchController/insert_campaign]
in APPPATH\Controllers\DispatchController.php on line 11.
 1 SYSTEMPATH\CodeIgniter.php(933): App\Controllers\DispatchController->insert_campaign()
 2 SYSTEMPATH\CodeIgniter.php(509): CodeIgniter\CodeIgniter->runController(Object(App\Controllers\DispatchController))
 3 SYSTEMPATH\CodeIgniter.php(355): CodeIgniter\CodeIgniter->handleRequest(null, Object(Config\Cache), false)
 4 SYSTEMPATH\Boot.php(325): CodeIgniter\CodeIgniter->run()
 5 SYSTEMPATH\Boot.php(67): CodeIgniter\Boot::runCodeIgniter(Object(CodeIgniter\CodeIgniter))
 6 FCPATH\index.php(56): CodeIgniter\Boot::bootWeb(Object(Config\Paths))
 7 SYSTEMPATH\rewrite.php(44): require_once('D:\\xampp\\htdocs\\pulseme\\public\\index.php')
CRITICAL - 2024-07-11 10:00:29 --> Error: Class "App\Controllers\TechnicianModel" not found
[Method: POST, Route: DispatchController/insert_campaign]
in APPPATH\Controllers\DispatchController.php on line 11.
 1 SYSTEMPATH\CodeIgniter.php(933): App\Controllers\DispatchController->insert_campaign()
 2 SYSTEMPATH\CodeIgniter.php(509): CodeIgniter\CodeIgniter->runController(Object(App\Controllers\DispatchController))
 3 SYSTEMPATH\CodeIgniter.php(355): CodeIgniter\CodeIgniter->handleRequest(null, Object(Config\Cache), false)
 4 SYSTEMPATH\Boot.php(325): CodeIgniter\CodeIgniter->run()
 5 SYSTEMPATH\Boot.php(67): CodeIgniter\Boot::runCodeIgniter(Object(CodeIgniter\CodeIgniter))
 6 FCPATH\index.php(56): CodeIgniter\Boot::bootWeb(Object(Config\Paths))
 7 SYSTEMPATH\rewrite.php(44): require_once('D:\\xampp\\htdocs\\pulseme\\public\\index.php')
CRITICAL - 2024-07-11 10:00:30 --> Error: Class "App\Controllers\TechnicianModel" not found
[Method: POST, Route: DispatchController/insert_campaign]
in APPPATH\Controllers\DispatchController.php on line 11.
 1 SYSTEMPATH\CodeIgniter.php(933): App\Controllers\DispatchController->insert_campaign()
 2 SYSTEMPATH\CodeIgniter.php(509): CodeIgniter\CodeIgniter->runController(Object(App\Controllers\DispatchController))
 3 SYSTEMPATH\CodeIgniter.php(355): CodeIgniter\CodeIgniter->handleRequest(null, Object(Config\Cache), false)
 4 SYSTEMPATH\Boot.php(325): CodeIgniter\CodeIgniter->run()
 5 SYSTEMPATH\Boot.php(67): CodeIgniter\Boot::runCodeIgniter(Object(CodeIgniter\CodeIgniter))
 6 FCPATH\index.php(56): CodeIgniter\Boot::bootWeb(Object(Config\Paths))
 7 SYSTEMPATH\rewrite.php(44): require_once('D:\\xampp\\htdocs\\pulseme\\public\\index.php')
CRITICAL - 2024-07-11 10:00:31 --> Error: Class "App\Controllers\TechnicianModel" not found
[Method: POST, Route: DispatchController/insert_campaign]
in APPPATH\Controllers\DispatchController.php on line 11.
 1 SYSTEMPATH\CodeIgniter.php(933): App\Controllers\DispatchController->insert_campaign()
 2 SYSTEMPATH\CodeIgniter.php(509): CodeIgniter\CodeIgniter->runController(Object(App\Controllers\DispatchController))
 3 SYSTEMPATH\CodeIgniter.php(355): CodeIgniter\CodeIgniter->handleRequest(null, Object(Config\Cache), false)
 4 SYSTEMPATH\Boot.php(325): CodeIgniter\CodeIgniter->run()
 5 SYSTEMPATH\Boot.php(67): CodeIgniter\Boot::runCodeIgniter(Object(CodeIgniter\CodeIgniter))
 6 FCPATH\index.php(56): CodeIgniter\Boot::bootWeb(Object(Config\Paths))
 7 SYSTEMPATH\rewrite.php(44): require_once('D:\\xampp\\htdocs\\pulseme\\public\\index.php')
CRITICAL - 2024-07-11 10:00:31 --> Error: Class "App\Controllers\TechnicianModel" not found
[Method: POST, Route: DispatchController/insert_campaign]
in APPPATH\Controllers\DispatchController.php on line 11.
 1 SYSTEMPATH\CodeIgniter.php(933): App\Controllers\DispatchController->insert_campaign()
 2 SYSTEMPATH\CodeIgniter.php(509): CodeIgniter\CodeIgniter->runController(Object(App\Controllers\DispatchController))
 3 SYSTEMPATH\CodeIgniter.php(355): CodeIgniter\CodeIgniter->handleRequest(null, Object(Config\Cache), false)
 4 SYSTEMPATH\Boot.php(325): CodeIgniter\CodeIgniter->run()
 5 SYSTEMPATH\Boot.php(67): CodeIgniter\Boot::runCodeIgniter(Object(CodeIgniter\CodeIgniter))
 6 FCPATH\index.php(56): CodeIgniter\Boot::bootWeb(Object(Config\Paths))
 7 SYSTEMPATH\rewrite.php(44): require_once('D:\\xampp\\htdocs\\pulseme\\public\\index.php')
CRITICAL - 2024-07-11 10:00:31 --> Error: Class "App\Controllers\TechnicianModel" not found
[Method: POST, Route: DispatchController/insert_campaign]
in APPPATH\Controllers\DispatchController.php on line 11.
 1 SYSTEMPATH\CodeIgniter.php(933): App\Controllers\DispatchController->insert_campaign()
 2 SYSTEMPATH\CodeIgniter.php(509): CodeIgniter\CodeIgniter->runController(Object(App\Controllers\DispatchController))
 3 SYSTEMPATH\CodeIgniter.php(355): CodeIgniter\CodeIgniter->handleRequest(null, Object(Config\Cache), false)
 4 SYSTEMPATH\Boot.php(325): CodeIgniter\CodeIgniter->run()
 5 SYSTEMPATH\Boot.php(67): CodeIgniter\Boot::runCodeIgniter(Object(CodeIgniter\CodeIgniter))
 6 FCPATH\index.php(56): CodeIgniter\Boot::bootWeb(Object(Config\Paths))
 7 SYSTEMPATH\rewrite.php(44): require_once('D:\\xampp\\htdocs\\pulseme\\public\\index.php')
CRITICAL - 2024-07-11 10:00:32 --> Error: Class "App\Controllers\TechnicianModel" not found
[Method: POST, Route: DispatchController/insert_campaign]
in APPPATH\Controllers\DispatchController.php on line 11.
 1 SYSTEMPATH\CodeIgniter.php(933): App\Controllers\DispatchController->insert_campaign()
 2 SYSTEMPATH\CodeIgniter.php(509): CodeIgniter\CodeIgniter->runController(Object(App\Controllers\DispatchController))
 3 SYSTEMPATH\CodeIgniter.php(355): CodeIgniter\CodeIgniter->handleRequest(null, Object(Config\Cache), false)
 4 SYSTEMPATH\Boot.php(325): CodeIgniter\CodeIgniter->run()
 5 SYSTEMPATH\Boot.php(67): CodeIgniter\Boot::runCodeIgniter(Object(CodeIgniter\CodeIgniter))
 6 FCPATH\index.php(56): CodeIgniter\Boot::bootWeb(Object(Config\Paths))
 7 SYSTEMPATH\rewrite.php(44): require_once('D:\\xampp\\htdocs\\pulseme\\public\\index.php')
CRITICAL - 2024-07-11 10:00:32 --> Error: Class "App\Controllers\TechnicianModel" not found
[Method: POST, Route: DispatchController/insert_campaign]
in APPPATH\Controllers\DispatchController.php on line 11.
 1 SYSTEMPATH\CodeIgniter.php(933): App\Controllers\DispatchController->insert_campaign()
 2 SYSTEMPATH\CodeIgniter.php(509): CodeIgniter\CodeIgniter->runController(Object(App\Controllers\DispatchController))
 3 SYSTEMPATH\CodeIgniter.php(355): CodeIgniter\CodeIgniter->handleRequest(null, Object(Config\Cache), false)
 4 SYSTEMPATH\Boot.php(325): CodeIgniter\CodeIgniter->run()
 5 SYSTEMPATH\Boot.php(67): CodeIgniter\Boot::runCodeIgniter(Object(CodeIgniter\CodeIgniter))
 6 FCPATH\index.php(56): CodeIgniter\Boot::bootWeb(Object(Config\Paths))
 7 SYSTEMPATH\rewrite.php(44): require_once('D:\\xampp\\htdocs\\pulseme\\public\\index.php')
CRITICAL - 2024-07-11 10:01:07 --> Error: Class "App\Controllers\TechnicianModel" not found
[Method: POST, Route: DispatchController/insert_campaign]
in APPPATH\Controllers\DispatchController.php on line 11.
 1 SYSTEMPATH\CodeIgniter.php(933): App\Controllers\DispatchController->insert_campaign()
 2 SYSTEMPATH\CodeIgniter.php(509): CodeIgniter\CodeIgniter->runController(Object(App\Controllers\DispatchController))
 3 SYSTEMPATH\CodeIgniter.php(355): CodeIgniter\CodeIgniter->handleRequest(null, Object(Config\Cache), false)
 4 SYSTEMPATH\Boot.php(325): CodeIgniter\CodeIgniter->run()
 5 SYSTEMPATH\Boot.php(67): CodeIgniter\Boot::runCodeIgniter(Object(CodeIgniter\CodeIgniter))
 6 FCPATH\index.php(56): CodeIgniter\Boot::bootWeb(Object(Config\Paths))
 7 SYSTEMPATH\rewrite.php(44): require_once('D:\\xampp\\htdocs\\pulseme\\public\\index.php')
CRITICAL - 2024-07-11 10:01:32 --> Error: Class "App\Controllers\TechnicianModel" not found
[Method: POST, Route: DispatchController/insert_campaign]
in APPPATH\Controllers\DispatchController.php on line 11.
 1 SYSTEMPATH\CodeIgniter.php(933): App\Controllers\DispatchController->insert_campaign()
 2 SYSTEMPATH\CodeIgniter.php(509): CodeIgniter\CodeIgniter->runController(Object(App\Controllers\DispatchController))
 3 SYSTEMPATH\CodeIgniter.php(355): CodeIgniter\CodeIgniter->handleRequest(null, Object(Config\Cache), false)
 4 SYSTEMPATH\Boot.php(325): CodeIgniter\CodeIgniter->run()
 5 SYSTEMPATH\Boot.php(67): CodeIgniter\Boot::runCodeIgniter(Object(CodeIgniter\CodeIgniter))
 6 FCPATH\index.php(56): CodeIgniter\Boot::bootWeb(Object(Config\Paths))
 7 SYSTEMPATH\rewrite.php(44): require_once('D:\\xampp\\htdocs\\pulseme\\public\\index.php')
CRITICAL - 2024-07-11 10:02:33 --> Error: Class "App\Controllers\TechnicianModel" not found
[Method: POST, Route: DispatchController/insert_campaign]
in APPPATH\Controllers\DispatchController.php on line 11.
 1 SYSTEMPATH\CodeIgniter.php(933): App\Controllers\DispatchController->insert_campaign()
 2 SYSTEMPATH\CodeIgniter.php(509): CodeIgniter\CodeIgniter->runController(Object(App\Controllers\DispatchController))
 3 SYSTEMPATH\CodeIgniter.php(355): CodeIgniter\CodeIgniter->handleRequest(null, Object(Config\Cache), false)
 4 SYSTEMPATH\Boot.php(325): CodeIgniter\CodeIgniter->run()
 5 SYSTEMPATH\Boot.php(67): CodeIgniter\Boot::runCodeIgniter(Object(CodeIgniter\CodeIgniter))
 6 FCPATH\index.php(56): CodeIgniter\Boot::bootWeb(Object(Config\Paths))
 7 SYSTEMPATH\rewrite.php(44): require_once('D:\\xampp\\htdocs\\pulseme\\public\\index.php')
CRITICAL - 2024-07-11 10:02:34 --> Error: Class "App\Controllers\TechnicianModel" not found
[Method: POST, Route: DispatchController/insert_campaign]
in APPPATH\Controllers\DispatchController.php on line 11.
 1 SYSTEMPATH\CodeIgniter.php(933): App\Controllers\DispatchController->insert_campaign()
 2 SYSTEMPATH\CodeIgniter.php(509): CodeIgniter\CodeIgniter->runController(Object(App\Controllers\DispatchController))
 3 SYSTEMPATH\CodeIgniter.php(355): CodeIgniter\CodeIgniter->handleRequest(null, Object(Config\Cache), false)
 4 SYSTEMPATH\Boot.php(325): CodeIgniter\CodeIgniter->run()
 5 SYSTEMPATH\Boot.php(67): CodeIgniter\Boot::runCodeIgniter(Object(CodeIgniter\CodeIgniter))
 6 FCPATH\index.php(56): CodeIgniter\Boot::bootWeb(Object(Config\Paths))
 7 SYSTEMPATH\rewrite.php(44): require_once('D:\\xampp\\htdocs\\pulseme\\public\\index.php')
CRITICAL - 2024-07-11 10:03:07 --> Error: Class "App\Controllers\TechnicianModel" not found
[Method: POST, Route: DispatchController/insert_campaign]
in APPPATH\Controllers\DispatchController.php on line 11.
 1 SYSTEMPATH\CodeIgniter.php(933): App\Controllers\DispatchController->insert_campaign()
 2 SYSTEMPATH\CodeIgniter.php(509): CodeIgniter\CodeIgniter->runController(Object(App\Controllers\DispatchController))
 3 SYSTEMPATH\CodeIgniter.php(355): CodeIgniter\CodeIgniter->handleRequest(null, Object(Config\Cache), false)
 4 SYSTEMPATH\Boot.php(325): CodeIgniter\CodeIgniter->run()
 5 SYSTEMPATH\Boot.php(67): CodeIgniter\Boot::runCodeIgniter(Object(CodeIgniter\CodeIgniter))
 6 FCPATH\index.php(56): CodeIgniter\Boot::bootWeb(Object(Config\Paths))
 7 SYSTEMPATH\rewrite.php(44): require_once('D:\\xampp\\htdocs\\pulseme\\public\\index.php')
CRITICAL - 2024-07-11 10:03:48 --> Error: Class "App\Models\DispatchModal" not found
[Method: POST, Route: DispatchController/insert_campaign]
in APPPATH\Controllers\DispatchController.php on line 11.
 1 SYSTEMPATH\CodeIgniter.php(933): App\Controllers\DispatchController->insert_campaign()
 2 SYSTEMPATH\CodeIgniter.php(509): CodeIgniter\CodeIgniter->runController(Object(App\Controllers\DispatchController))
 3 SYSTEMPATH\CodeIgniter.php(355): CodeIgniter\CodeIgniter->handleRequest(null, Object(Config\Cache), false)
 4 SYSTEMPATH\Boot.php(325): CodeIgniter\CodeIgniter->run()
 5 SYSTEMPATH\Boot.php(67): CodeIgniter\Boot::runCodeIgniter(Object(CodeIgniter\CodeIgniter))
 6 FCPATH\index.php(56): CodeIgniter\Boot::bootWeb(Object(Config\Paths))
 7 SYSTEMPATH\rewrite.php(44): require_once('D:\\xampp\\htdocs\\pulseme\\public\\index.php')
CRITICAL - 2024-07-11 10:04:11 --> Error: Class "App\Models\DispatchModal" not found
[Method: POST, Route: DispatchController/insert_campaign]
in APPPATH\Controllers\DispatchController.php on line 11.
 1 SYSTEMPATH\CodeIgniter.php(933): App\Controllers\DispatchController->insert_campaign()
 2 SYSTEMPATH\CodeIgniter.php(509): CodeIgniter\CodeIgniter->runController(Object(App\Controllers\DispatchController))
 3 SYSTEMPATH\CodeIgniter.php(355): CodeIgniter\CodeIgniter->handleRequest(null, Object(Config\Cache), false)
 4 SYSTEMPATH\Boot.php(325): CodeIgniter\CodeIgniter->run()
 5 SYSTEMPATH\Boot.php(67): CodeIgniter\Boot::runCodeIgniter(Object(CodeIgniter\CodeIgniter))
 6 FCPATH\index.php(56): CodeIgniter\Boot::bootWeb(Object(Config\Paths))
 7 SYSTEMPATH\rewrite.php(44): require_once('D:\\xampp\\htdocs\\pulseme\\public\\index.php')
CRITICAL - 2024-07-11 10:04:13 --> Error: Class "App\Models\DispatchModal" not found
[Method: POST, Route: DispatchController/insert_campaign]
in APPPATH\Controllers\DispatchController.php on line 11.
 1 SYSTEMPATH\CodeIgniter.php(933): App\Controllers\DispatchController->insert_campaign()
 2 SYSTEMPATH\CodeIgniter.php(509): CodeIgniter\CodeIgniter->runController(Object(App\Controllers\DispatchController))
 3 SYSTEMPATH\CodeIgniter.php(355): CodeIgniter\CodeIgniter->handleRequest(null, Object(Config\Cache), false)
 4 SYSTEMPATH\Boot.php(325): CodeIgniter\CodeIgniter->run()
 5 SYSTEMPATH\Boot.php(67): CodeIgniter\Boot::runCodeIgniter(Object(CodeIgniter\CodeIgniter))
 6 FCPATH\index.php(56): CodeIgniter\Boot::bootWeb(Object(Config\Paths))
 7 SYSTEMPATH\rewrite.php(44): require_once('D:\\xampp\\htdocs\\pulseme\\public\\index.php')
CRITICAL - 2024-07-11 10:06:44 --> Error: Class "App\Models\DispatchModal" not found
[Method: POST, Route: DispatchController/insert_campaign]
in APPPATH\Controllers\DispatchController.php on line 11.
 1 SYSTEMPATH\CodeIgniter.php(933): App\Controllers\DispatchController->insert_campaign()
 2 SYSTEMPATH\CodeIgniter.php(509): CodeIgniter\CodeIgniter->runController(Object(App\Controllers\DispatchController))
 3 SYSTEMPATH\CodeIgniter.php(355): CodeIgniter\CodeIgniter->handleRequest(null, Object(Config\Cache), false)
 4 SYSTEMPATH\Boot.php(325): CodeIgniter\CodeIgniter->run()
 5 SYSTEMPATH\Boot.php(67): CodeIgniter\Boot::runCodeIgniter(Object(CodeIgniter\CodeIgniter))
 6 FCPATH\index.php(56): CodeIgniter\Boot::bootWeb(Object(Config\Paths))
 7 SYSTEMPATH\rewrite.php(44): require_once('D:\\xampp\\htdocs\\pulseme\\public\\index.php')
CRITICAL - 2024-07-11 10:09:46 --> Error: Class "App\Models\DispatchModal" not found
[Method: POST, Route: DispatchController/insert_campaign]
in APPPATH\Controllers\DispatchController.php on line 11.
 1 SYSTEMPATH\CodeIgniter.php(933): App\Controllers\DispatchController->insert_campaign()
 2 SYSTEMPATH\CodeIgniter.php(509): CodeIgniter\CodeIgniter->runController(Object(App\Controllers\DispatchController))
 3 SYSTEMPATH\CodeIgniter.php(355): CodeIgniter\CodeIgniter->handleRequest(null, Object(Config\Cache), false)
 4 SYSTEMPATH\Boot.php(325): CodeIgniter\CodeIgniter->run()
 5 SYSTEMPATH\Boot.php(67): CodeIgniter\Boot::runCodeIgniter(Object(CodeIgniter\CodeIgniter))
 6 FCPATH\index.php(56): CodeIgniter\Boot::bootWeb(Object(Config\Paths))
 7 SYSTEMPATH\rewrite.php(44): require_once('D:\\xampp\\htdocs\\pulseme\\public\\index.php')
CRITICAL - 2024-07-11 10:09:53 --> Error: Class "App\Models\DispatchModal" not found
[Method: POST, Route: DispatchController/insert_campaign]
in APPPATH\Controllers\DispatchController.php on line 11.
 1 SYSTEMPATH\CodeIgniter.php(933): App\Controllers\DispatchController->insert_campaign()
 2 SYSTEMPATH\CodeIgniter.php(509): CodeIgniter\CodeIgniter->runController(Object(App\Controllers\DispatchController))
 3 SYSTEMPATH\CodeIgniter.php(355): CodeIgniter\CodeIgniter->handleRequest(null, Object(Config\Cache), false)
 4 SYSTEMPATH\Boot.php(325): CodeIgniter\CodeIgniter->run()
 5 SYSTEMPATH\Boot.php(67): CodeIgniter\Boot::runCodeIgniter(Object(CodeIgniter\CodeIgniter))
 6 FCPATH\index.php(56): CodeIgniter\Boot::bootWeb(Object(Config\Paths))
 7 SYSTEMPATH\rewrite.php(44): require_once('D:\\xampp\\htdocs\\pulseme\\public\\index.php')
CRITICAL - 2024-07-11 10:10:03 --> Error: Class "App\Models\DispatchModal" not found
[Method: POST, Route: DispatchController/insert_campaign]
in APPPATH\Controllers\DispatchController.php on line 11.
 1 SYSTEMPATH\CodeIgniter.php(933): App\Controllers\DispatchController->insert_campaign()
 2 SYSTEMPATH\CodeIgniter.php(509): CodeIgniter\CodeIgniter->runController(Object(App\Controllers\DispatchController))
 3 SYSTEMPATH\CodeIgniter.php(355): CodeIgniter\CodeIgniter->handleRequest(null, Object(Config\Cache), false)
 4 SYSTEMPATH\Boot.php(325): CodeIgniter\CodeIgniter->run()
 5 SYSTEMPATH\Boot.php(67): CodeIgniter\Boot::runCodeIgniter(Object(CodeIgniter\CodeIgniter))
 6 FCPATH\index.php(56): CodeIgniter\Boot::bootWeb(Object(Config\Paths))
 7 SYSTEMPATH\rewrite.php(44): require_once('D:\\xampp\\htdocs\\pulseme\\public\\index.php')
CRITICAL - 2024-07-11 10:10:47 --> Error: Class "App\Models\DispatchModal" not found
[Method: POST, Route: DispatchController/insert_campaign]
in APPPATH\Controllers\DispatchController.php on line 11.
 1 SYSTEMPATH\CodeIgniter.php(933): App\Controllers\DispatchController->insert_campaign()
 2 SYSTEMPATH\CodeIgniter.php(509): CodeIgniter\CodeIgniter->runController(Object(App\Controllers\DispatchController))
 3 SYSTEMPATH\CodeIgniter.php(355): CodeIgniter\CodeIgniter->handleRequest(null, Object(Config\Cache), false)
 4 SYSTEMPATH\Boot.php(325): CodeIgniter\CodeIgniter->run()
 5 SYSTEMPATH\Boot.php(67): CodeIgniter\Boot::runCodeIgniter(Object(CodeIgniter\CodeIgniter))
 6 FCPATH\index.php(56): CodeIgniter\Boot::bootWeb(Object(Config\Paths))
 7 SYSTEMPATH\rewrite.php(44): require_once('D:\\xampp\\htdocs\\pulseme\\public\\index.php')
CRITICAL - 2024-07-11 10:10:48 --> Error: Class "App\Models\DispatchModal" not found
[Method: POST, Route: DispatchController/insert_campaign]
in APPPATH\Controllers\DispatchController.php on line 11.
 1 SYSTEMPATH\CodeIgniter.php(933): App\Controllers\DispatchController->insert_campaign()
 2 SYSTEMPATH\CodeIgniter.php(509): CodeIgniter\CodeIgniter->runController(Object(App\Controllers\DispatchController))
 3 SYSTEMPATH\CodeIgniter.php(355): CodeIgniter\CodeIgniter->handleRequest(null, Object(Config\Cache), false)
 4 SYSTEMPATH\Boot.php(325): CodeIgniter\CodeIgniter->run()
 5 SYSTEMPATH\Boot.php(67): CodeIgniter\Boot::runCodeIgniter(Object(CodeIgniter\CodeIgniter))
 6 FCPATH\index.php(56): CodeIgniter\Boot::bootWeb(Object(Config\Paths))
 7 SYSTEMPATH\rewrite.php(44): require_once('D:\\xampp\\htdocs\\pulseme\\public\\index.php')
CRITICAL - 2024-07-11 10:11:59 --> Error: Class "App\Models\DispatchModal" not found
[Method: POST, Route: dashboard]
in APPPATH\Controllers\DispatchController.php on line 11.
 1 SYSTEMPATH\CodeIgniter.php(933): App\Controllers\DispatchController->insert_campaign()
 2 SYSTEMPATH\CodeIgniter.php(509): CodeIgniter\CodeIgniter->runController(Object(App\Controllers\DispatchController))
 3 SYSTEMPATH\CodeIgniter.php(355): CodeIgniter\CodeIgniter->handleRequest(null, Object(Config\Cache), false)
 4 SYSTEMPATH\Boot.php(325): CodeIgniter\CodeIgniter->run()
 5 SYSTEMPATH\Boot.php(67): CodeIgniter\Boot::runCodeIgniter(Object(CodeIgniter\CodeIgniter))
 6 FCPATH\index.php(56): CodeIgniter\Boot::bootWeb(Object(Config\Paths))
 7 SYSTEMPATH\rewrite.php(44): require_once('D:\\xampp\\htdocs\\pulseme\\public\\index.php')
CRITICAL - 2024-07-11 10:12:30 --> Error: Class "App\Models\DispatchModal" not found
[Method: POST, Route: dashboard]
in APPPATH\Controllers\DispatchController.php on line 11.
 1 SYSTEMPATH\CodeIgniter.php(933): App\Controllers\DispatchController->insert_campaign()
 2 SYSTEMPATH\CodeIgniter.php(509): CodeIgniter\CodeIgniter->runController(Object(App\Controllers\DispatchController))
 3 SYSTEMPATH\CodeIgniter.php(355): CodeIgniter\CodeIgniter->handleRequest(null, Object(Config\Cache), false)
 4 SYSTEMPATH\Boot.php(325): CodeIgniter\CodeIgniter->run()
 5 SYSTEMPATH\Boot.php(67): CodeIgniter\Boot::runCodeIgniter(Object(CodeIgniter\CodeIgniter))
 6 FCPATH\index.php(56): CodeIgniter\Boot::bootWeb(Object(Config\Paths))
 7 SYSTEMPATH\rewrite.php(44): require_once('D:\\xampp\\htdocs\\pulseme\\public\\index.php')
CRITICAL - 2024-07-11 10:15:02 --> Error: Class "App\Models\DispatchModal" not found
[Method: GET, Route: dashboard]
in APPPATH\Controllers\DispatchController.php on line 11.
 1 SYSTEMPATH\CodeIgniter.php(933): App\Controllers\DispatchController->insert_campaign()
 2 SYSTEMPATH\CodeIgniter.php(509): CodeIgniter\CodeIgniter->runController(Object(App\Controllers\DispatchController))
 3 SYSTEMPATH\CodeIgniter.php(355): CodeIgniter\CodeIgniter->handleRequest(null, Object(Config\Cache), false)
 4 SYSTEMPATH\Boot.php(325): CodeIgniter\CodeIgniter->run()
 5 SYSTEMPATH\Boot.php(67): CodeIgniter\Boot::runCodeIgniter(Object(CodeIgniter\CodeIgniter))
 6 FCPATH\index.php(56): CodeIgniter\Boot::bootWeb(Object(Config\Paths))
 7 SYSTEMPATH\rewrite.php(44): require_once('D:\\xampp\\htdocs\\pulseme\\public\\index.php')
CRITICAL - 2024-07-11 10:37:15 --> Error: Class "App\Models\DispatchModal" not found
[Method: POST, Route: insert_campaign]
in APPPATH\Controllers\DispatchController.php on line 11.
 1 SYSTEMPATH\CodeIgniter.php(933): App\Controllers\DispatchController->insert_campaign()
 2 SYSTEMPATH\CodeIgniter.php(509): CodeIgniter\CodeIgniter->runController(Object(App\Controllers\DispatchController))
 3 SYSTEMPATH\CodeIgniter.php(355): CodeIgniter\CodeIgniter->handleRequest(null, Object(Config\Cache), false)
 4 SYSTEMPATH\Boot.php(325): CodeIgniter\CodeIgniter->run()
 5 SYSTEMPATH\Boot.php(67): CodeIgniter\Boot::runCodeIgniter(Object(CodeIgniter\CodeIgniter))
 6 FCPATH\index.php(56): CodeIgniter\Boot::bootWeb(Object(Config\Paths))
 7 SYSTEMPATH\rewrite.php(44): require_once('D:\\xampp\\htdocs\\pulseme\\public\\index.php')
CRITICAL - 2024-07-11 10:37:18 --> Error: Class "App\Models\DispatchModal" not found
[Method: POST, Route: insert_campaign]
in APPPATH\Controllers\DispatchController.php on line 11.
 1 SYSTEMPATH\CodeIgniter.php(933): App\Controllers\DispatchController->insert_campaign()
 2 SYSTEMPATH\CodeIgniter.php(509): CodeIgniter\CodeIgniter->runController(Object(App\Controllers\DispatchController))
 3 SYSTEMPATH\CodeIgniter.php(355): CodeIgniter\CodeIgniter->handleRequest(null, Object(Config\Cache), false)
 4 SYSTEMPATH\Boot.php(325): CodeIgniter\CodeIgniter->run()
 5 SYSTEMPATH\Boot.php(67): CodeIgniter\Boot::runCodeIgniter(Object(CodeIgniter\CodeIgniter))
 6 FCPATH\index.php(56): CodeIgniter\Boot::bootWeb(Object(Config\Paths))
 7 SYSTEMPATH\rewrite.php(44): require_once('D:\\xampp\\htdocs\\pulseme\\public\\index.php')
CRITICAL - 2024-07-11 10:38:24 --> Error: Class "App\Models\DispatchModal" not found
[Method: GET, Route: insert_campaign]
in APPPATH\Controllers\DispatchController.php on line 11.
 1 SYSTEMPATH\CodeIgniter.php(933): App\Controllers\DispatchController->insert_campaign()
 2 SYSTEMPATH\CodeIgniter.php(509): CodeIgniter\CodeIgniter->runController(Object(App\Controllers\DispatchController))
 3 SYSTEMPATH\CodeIgniter.php(355): CodeIgniter\CodeIgniter->handleRequest(null, Object(Config\Cache), false)
 4 SYSTEMPATH\Boot.php(325): CodeIgniter\CodeIgniter->run()
 5 SYSTEMPATH\Boot.php(67): CodeIgniter\Boot::runCodeIgniter(Object(CodeIgniter\CodeIgniter))
 6 FCPATH\index.php(56): CodeIgniter\Boot::bootWeb(Object(Config\Paths))
 7 SYSTEMPATH\rewrite.php(44): require_once('D:\\xampp\\htdocs\\pulseme\\public\\index.php')
CRITICAL - 2024-07-11 10:38:26 --> Error: Class "App\Models\DispatchModal" not found
[Method: GET, Route: insert_campaign]
in APPPATH\Controllers\DispatchController.php on line 11.
 1 SYSTEMPATH\CodeIgniter.php(933): App\Controllers\DispatchController->insert_campaign()
 2 SYSTEMPATH\CodeIgniter.php(509): CodeIgniter\CodeIgniter->runController(Object(App\Controllers\DispatchController))
 3 SYSTEMPATH\CodeIgniter.php(355): CodeIgniter\CodeIgniter->handleRequest(null, Object(Config\Cache), false)
 4 SYSTEMPATH\Boot.php(325): CodeIgniter\CodeIgniter->run()
 5 SYSTEMPATH\Boot.php(67): CodeIgniter\Boot::runCodeIgniter(Object(CodeIgniter\CodeIgniter))
 6 FCPATH\index.php(56): CodeIgniter\Boot::bootWeb(Object(Config\Paths))
 7 SYSTEMPATH\rewrite.php(44): require_once('D:\\xampp\\htdocs\\pulseme\\public\\index.php')
CRITICAL - 2024-07-11 10:38:26 --> Error: Class "App\Models\DispatchModal" not found
[Method: GET, Route: insert_campaign]
in APPPATH\Controllers\DispatchController.php on line 11.
 1 SYSTEMPATH\CodeIgniter.php(933): App\Controllers\DispatchController->insert_campaign()
 2 SYSTEMPATH\CodeIgniter.php(509): CodeIgniter\CodeIgniter->runController(Object(App\Controllers\DispatchController))
 3 SYSTEMPATH\CodeIgniter.php(355): CodeIgniter\CodeIgniter->handleRequest(null, Object(Config\Cache), false)
 4 SYSTEMPATH\Boot.php(325): CodeIgniter\CodeIgniter->run()
 5 SYSTEMPATH\Boot.php(67): CodeIgniter\Boot::runCodeIgniter(Object(CodeIgniter\CodeIgniter))
 6 FCPATH\index.php(56): CodeIgniter\Boot::bootWeb(Object(Config\Paths))
 7 SYSTEMPATH\rewrite.php(44): require_once('D:\\xampp\\htdocs\\pulseme\\public\\index.php')
CRITICAL - 2024-07-11 10:38:26 --> Error: Class "App\Models\DispatchModal" not found
[Method: GET, Route: insert_campaign]
in APPPATH\Controllers\DispatchController.php on line 11.
 1 SYSTEMPATH\CodeIgniter.php(933): App\Controllers\DispatchController->insert_campaign()
 2 SYSTEMPATH\CodeIgniter.php(509): CodeIgniter\CodeIgniter->runController(Object(App\Controllers\DispatchController))
 3 SYSTEMPATH\CodeIgniter.php(355): CodeIgniter\CodeIgniter->handleRequest(null, Object(Config\Cache), false)
 4 SYSTEMPATH\Boot.php(325): CodeIgniter\CodeIgniter->run()
 5 SYSTEMPATH\Boot.php(67): CodeIgniter\Boot::runCodeIgniter(Object(CodeIgniter\CodeIgniter))
 6 FCPATH\index.php(56): CodeIgniter\Boot::bootWeb(Object(Config\Paths))
 7 SYSTEMPATH\rewrite.php(44): require_once('D:\\xampp\\htdocs\\pulseme\\public\\index.php')
CRITICAL - 2024-07-11 10:38:27 --> Error: Class "App\Models\DispatchModal" not found
[Method: GET, Route: insert_campaign]
in APPPATH\Controllers\DispatchController.php on line 11.
 1 SYSTEMPATH\CodeIgniter.php(933): App\Controllers\DispatchController->insert_campaign()
 2 SYSTEMPATH\CodeIgniter.php(509): CodeIgniter\CodeIgniter->runController(Object(App\Controllers\DispatchController))
 3 SYSTEMPATH\CodeIgniter.php(355): CodeIgniter\CodeIgniter->handleRequest(null, Object(Config\Cache), false)
 4 SYSTEMPATH\Boot.php(325): CodeIgniter\CodeIgniter->run()
 5 SYSTEMPATH\Boot.php(67): CodeIgniter\Boot::runCodeIgniter(Object(CodeIgniter\CodeIgniter))
 6 FCPATH\index.php(56): CodeIgniter\Boot::bootWeb(Object(Config\Paths))
 7 SYSTEMPATH\rewrite.php(44): require_once('D:\\xampp\\htdocs\\pulseme\\public\\index.php')
CRITICAL - 2024-07-11 10:38:55 --> Error: Class "App\Models\DispatchModal" not found
[Method: POST, Route: insert_campaign]
in APPPATH\Controllers\DispatchController.php on line 11.
 1 SYSTEMPATH\CodeIgniter.php(933): App\Controllers\DispatchController->insert_campaign()
 2 SYSTEMPATH\CodeIgniter.php(509): CodeIgniter\CodeIgniter->runController(Object(App\Controllers\DispatchController))
 3 SYSTEMPATH\CodeIgniter.php(355): CodeIgniter\CodeIgniter->handleRequest(null, Object(Config\Cache), false)
 4 SYSTEMPATH\Boot.php(325): CodeIgniter\CodeIgniter->run()
 5 SYSTEMPATH\Boot.php(67): CodeIgniter\Boot::runCodeIgniter(Object(CodeIgniter\CodeIgniter))
 6 FCPATH\index.php(56): CodeIgniter\Boot::bootWeb(Object(Config\Paths))
 7 SYSTEMPATH\rewrite.php(44): require_once('D:\\xampp\\htdocs\\pulseme\\public\\index.php')
CRITICAL - 2024-07-11 10:38:58 --> Error: Class "App\Models\DispatchModal" not found
[Method: POST, Route: insert_campaign]
in APPPATH\Controllers\DispatchController.php on line 11.
 1 SYSTEMPATH\CodeIgniter.php(933): App\Controllers\DispatchController->insert_campaign()
 2 SYSTEMPATH\CodeIgniter.php(509): CodeIgniter\CodeIgniter->runController(Object(App\Controllers\DispatchController))
 3 SYSTEMPATH\CodeIgniter.php(355): CodeIgniter\CodeIgniter->handleRequest(null, Object(Config\Cache), false)
 4 SYSTEMPATH\Boot.php(325): CodeIgniter\CodeIgniter->run()
 5 SYSTEMPATH\Boot.php(67): CodeIgniter\Boot::runCodeIgniter(Object(CodeIgniter\CodeIgniter))
 6 FCPATH\index.php(56): CodeIgniter\Boot::bootWeb(Object(Config\Paths))
 7 SYSTEMPATH\rewrite.php(44): require_once('D:\\xampp\\htdocs\\pulseme\\public\\index.php')
CRITICAL - 2024-07-11 10:39:15 --> Error: Class "App\Models\DispatchModal" not found
[Method: POST, Route: insert_campaign]
in APPPATH\Controllers\DispatchController.php on line 11.
 1 SYSTEMPATH\CodeIgniter.php(933): App\Controllers\DispatchController->insert_campaign()
 2 SYSTEMPATH\CodeIgniter.php(509): CodeIgniter\CodeIgniter->runController(Object(App\Controllers\DispatchController))
 3 SYSTEMPATH\CodeIgniter.php(355): CodeIgniter\CodeIgniter->handleRequest(null, Object(Config\Cache), false)
 4 SYSTEMPATH\Boot.php(325): CodeIgniter\CodeIgniter->run()
 5 SYSTEMPATH\Boot.php(67): CodeIgniter\Boot::runCodeIgniter(Object(CodeIgniter\CodeIgniter))
 6 FCPATH\index.php(56): CodeIgniter\Boot::bootWeb(Object(Config\Paths))
 7 SYSTEMPATH\rewrite.php(44): require_once('D:\\xampp\\htdocs\\pulseme\\public\\index.php')
CRITICAL - 2024-07-11 15:03:26 --> CodeIgniter\View\Exceptions\ViewException: Invalid file: "dispatch_campaigns.php"
[Method: GET, Route: settings/dispatch/campaigns]
in SYSTEMPATH\Exceptions\FrameworkException.php on line 41.
 1 SYSTEMPATH\View\View.php(222): CodeIgniter\Exceptions\FrameworkException::forInvalidFile('dispatch_campaigns.php')
 2 SYSTEMPATH\Common.php(1171): CodeIgniter\View\View->render('dispatch_campaigns', [], true)
 3 APPPATH\Controllers\Home.php(82): view('dispatch_campaigns')
 4 SYSTEMPATH\CodeIgniter.php(933): App\Controllers\Home->campaigns()
 5 SYSTEMPATH\CodeIgniter.php(509): CodeIgniter\CodeIgniter->runController(Object(App\Controllers\Home))
 6 SYSTEMPATH\CodeIgniter.php(355): CodeIgniter\CodeIgniter->handleRequest(null, Object(Config\Cache), false)
 7 SYSTEMPATH\Boot.php(325): CodeIgniter\CodeIgniter->run()
 8 SYSTEMPATH\Boot.php(67): CodeIgniter\Boot::runCodeIgniter(Object(CodeIgniter\CodeIgniter))
 9 FCPATH\index.php(56): CodeIgniter\Boot::bootWeb(Object(Config\Paths))
10 SYSTEMPATH\rewrite.php(44): require_once('C:\\xampp\\htdocs\\pulseme\\public\\index.php')
CRITICAL - 2024-07-11 15:42:52 --> CodeIgniter\View\Exceptions\ViewException: Invalid file: "dispatch-tab/dispatch_web-widget.php"
[Method: GET, Route: settings/dispatch/web-widget]
in SYSTEMPATH\Exceptions\FrameworkException.php on line 41.
 1 SYSTEMPATH\View\View.php(222): CodeIgniter\Exceptions\FrameworkException::forInvalidFile('dispatch-tab/dispatch_web-widget.php')
 2 SYSTEMPATH\Common.php(1171): CodeIgniter\View\View->render('dispatch-tab/dispatch_web-widget', [], true)
 3 APPPATH\Controllers\Home.php(97): view('dispatch-tab/dispatch_web-widget')
 4 SYSTEMPATH\CodeIgniter.php(933): App\Controllers\Home->web_widget()
 5 SYSTEMPATH\CodeIgniter.php(509): CodeIgniter\CodeIgniter->runController(Object(App\Controllers\Home))
 6 SYSTEMPATH\CodeIgniter.php(355): CodeIgniter\CodeIgniter->handleRequest(null, Object(Config\Cache), false)
 7 SYSTEMPATH\Boot.php(325): CodeIgniter\CodeIgniter->run()
 8 SYSTEMPATH\Boot.php(67): CodeIgniter\Boot::runCodeIgniter(Object(CodeIgniter\CodeIgniter))
 9 FCPATH\index.php(56): CodeIgniter\Boot::bootWeb(Object(Config\Paths))
10 SYSTEMPATH\rewrite.php(44): require_once('C:\\xampp\\htdocs\\pulseme\\public\\index.php')
CRITICAL - 2024-07-11 15:42:56 --> CodeIgniter\View\Exceptions\ViewException: Invalid file: "dispatch-tab/dispatch_web-widget.php"
[Method: GET, Route: settings/dispatch/web-widget]
in SYSTEMPATH\Exceptions\FrameworkException.php on line 41.
 1 SYSTEMPATH\View\View.php(222): CodeIgniter\Exceptions\FrameworkException::forInvalidFile('dispatch-tab/dispatch_web-widget.php')
 2 SYSTEMPATH\Common.php(1171): CodeIgniter\View\View->render('dispatch-tab/dispatch_web-widget', [], true)
 3 APPPATH\Controllers\Home.php(97): view('dispatch-tab/dispatch_web-widget')
 4 SYSTEMPATH\CodeIgniter.php(933): App\Controllers\Home->web_widget()
 5 SYSTEMPATH\CodeIgniter.php(509): CodeIgniter\CodeIgniter->runController(Object(App\Controllers\Home))
 6 SYSTEMPATH\CodeIgniter.php(355): CodeIgniter\CodeIgniter->handleRequest(null, Object(Config\Cache), false)
 7 SYSTEMPATH\Boot.php(325): CodeIgniter\CodeIgniter->run()
 8 SYSTEMPATH\Boot.php(67): CodeIgniter\Boot::runCodeIgniter(Object(CodeIgniter\CodeIgniter))
 9 FCPATH\index.php(56): CodeIgniter\Boot::bootWeb(Object(Config\Paths))
10 SYSTEMPATH\rewrite.php(44): require_once('C:\\xampp\\htdocs\\pulseme\\public\\index.php')
CRITICAL - 2024-07-11 16:38:17 --> CodeIgniter\View\Exceptions\ViewException: Invalid file: "general-tab/branding.php"
[Method: GET, Route: settings/general/branding]
in SYSTEMPATH\Exceptions\FrameworkException.php on line 41.
 1 SYSTEMPATH\View\View.php(222): CodeIgniter\Exceptions\FrameworkException::forInvalidFile('general-tab/branding.php')
 2 SYSTEMPATH\Common.php(1171): CodeIgniter\View\View->render('general-tab/branding', [], true)
 3 APPPATH\Controllers\Home.php(105): view('general-tab/branding')
 4 SYSTEMPATH\CodeIgniter.php(933): App\Controllers\Home->branding()
 5 SYSTEMPATH\CodeIgniter.php(509): CodeIgniter\CodeIgniter->runController(Object(App\Controllers\Home))
 6 SYSTEMPATH\CodeIgniter.php(355): CodeIgniter\CodeIgniter->handleRequest(null, Object(Config\Cache), false)
 7 SYSTEMPATH\Boot.php(325): CodeIgniter\CodeIgniter->run()
 8 SYSTEMPATH\Boot.php(67): CodeIgniter\Boot::runCodeIgniter(Object(CodeIgniter\CodeIgniter))
 9 FCPATH\index.php(56): CodeIgniter\Boot::bootWeb(Object(Config\Paths))
10 SYSTEMPATH\rewrite.php(44): require_once('C:\\xampp\\htdocs\\pulseme\\public\\index.php')
CRITICAL - 2024-07-11 16:39:11 --> CodeIgniter\View\Exceptions\ViewException: Invalid file: "general-tab/branding.php"
[Method: GET, Route: settings/general/branding]
in SYSTEMPATH\Exceptions\FrameworkException.php on line 41.
 1 SYSTEMPATH\View\View.php(222): CodeIgniter\Exceptions\FrameworkException::forInvalidFile('general-tab/branding.php')
 2 SYSTEMPATH\Common.php(1171): CodeIgniter\View\View->render('general-tab/branding', [], true)
 3 APPPATH\Controllers\Home.php(105): view('general-tab/branding')
 4 SYSTEMPATH\CodeIgniter.php(933): App\Controllers\Home->branding()
 5 SYSTEMPATH\CodeIgniter.php(509): CodeIgniter\CodeIgniter->runController(Object(App\Controllers\Home))
 6 SYSTEMPATH\CodeIgniter.php(355): CodeIgniter\CodeIgniter->handleRequest(null, Object(Config\Cache), false)
 7 SYSTEMPATH\Boot.php(325): CodeIgniter\CodeIgniter->run()
 8 SYSTEMPATH\Boot.php(67): CodeIgniter\Boot::runCodeIgniter(Object(CodeIgniter\CodeIgniter))
 9 FCPATH\index.php(56): CodeIgniter\Boot::bootWeb(Object(Config\Paths))
10 SYSTEMPATH\rewrite.php(44): require_once('C:\\xampp\\htdocs\\pulseme\\public\\index.php')
CRITICAL - 2024-07-11 16:39:12 --> CodeIgniter\View\Exceptions\ViewException: Invalid file: "general-tab/branding.php"
[Method: GET, Route: settings/general/branding]
in SYSTEMPATH\Exceptions\FrameworkException.php on line 41.
 1 SYSTEMPATH\View\View.php(222): CodeIgniter\Exceptions\FrameworkException::forInvalidFile('general-tab/branding.php')
 2 SYSTEMPATH\Common.php(1171): CodeIgniter\View\View->render('general-tab/branding', [], true)
 3 APPPATH\Controllers\Home.php(105): view('general-tab/branding')
 4 SYSTEMPATH\CodeIgniter.php(933): App\Controllers\Home->branding()
 5 SYSTEMPATH\CodeIgniter.php(509): CodeIgniter\CodeIgniter->runController(Object(App\Controllers\Home))
 6 SYSTEMPATH\CodeIgniter.php(355): CodeIgniter\CodeIgniter->handleRequest(null, Object(Config\Cache), false)
 7 SYSTEMPATH\Boot.php(325): CodeIgniter\CodeIgniter->run()
 8 SYSTEMPATH\Boot.php(67): CodeIgniter\Boot::runCodeIgniter(Object(CodeIgniter\CodeIgniter))
 9 FCPATH\index.php(56): CodeIgniter\Boot::bootWeb(Object(Config\Paths))
10 SYSTEMPATH\rewrite.php(44): require_once('C:\\xampp\\htdocs\\pulseme\\public\\index.php')
CRITICAL - 2024-07-11 16:39:14 --> CodeIgniter\View\Exceptions\ViewException: Invalid file: "general-tab/branding.php"
[Method: GET, Route: settings/general/branding]
in SYSTEMPATH\Exceptions\FrameworkException.php on line 41.
 1 SYSTEMPATH\View\View.php(222): CodeIgniter\Exceptions\FrameworkException::forInvalidFile('general-tab/branding.php')
 2 SYSTEMPATH\Common.php(1171): CodeIgniter\View\View->render('general-tab/branding', [], true)
 3 APPPATH\Controllers\Home.php(105): view('general-tab/branding')
 4 SYSTEMPATH\CodeIgniter.php(933): App\Controllers\Home->branding()
 5 SYSTEMPATH\CodeIgniter.php(509): CodeIgniter\CodeIgniter->runController(Object(App\Controllers\Home))
 6 SYSTEMPATH\CodeIgniter.php(355): CodeIgniter\CodeIgniter->handleRequest(null, Object(Config\Cache), false)
 7 SYSTEMPATH\Boot.php(325): CodeIgniter\CodeIgniter->run()
 8 SYSTEMPATH\Boot.php(67): CodeIgniter\Boot::runCodeIgniter(Object(CodeIgniter\CodeIgniter))
 9 FCPATH\index.php(56): CodeIgniter\Boot::bootWeb(Object(Config\Paths))
10 SYSTEMPATH\rewrite.php(44): require_once('C:\\xampp\\htdocs\\pulseme\\public\\index.php')
CRITICAL - 2024-07-11 16:40:33 --> CodeIgniter\View\Exceptions\ViewException: Invalid file: "general-tab/branding.php"
[Method: GET, Route: settings/general/branding]
in SYSTEMPATH\Exceptions\FrameworkException.php on line 41.
 1 SYSTEMPATH\View\View.php(222): CodeIgniter\Exceptions\FrameworkException::forInvalidFile('general-tab/branding.php')
 2 SYSTEMPATH\Common.php(1171): CodeIgniter\View\View->render('general-tab/branding', [], true)
 3 APPPATH\Controllers\Home.php(105): view('general-tab/branding')
 4 SYSTEMPATH\CodeIgniter.php(933): App\Controllers\Home->branding()
 5 SYSTEMPATH\CodeIgniter.php(509): CodeIgniter\CodeIgniter->runController(Object(App\Controllers\Home))
 6 SYSTEMPATH\CodeIgniter.php(355): CodeIgniter\CodeIgniter->handleRequest(null, Object(Config\Cache), false)
 7 SYSTEMPATH\Boot.php(325): CodeIgniter\CodeIgniter->run()
 8 SYSTEMPATH\Boot.php(67): CodeIgniter\Boot::runCodeIgniter(Object(CodeIgniter\CodeIgniter))
 9 FCPATH\index.php(56): CodeIgniter\Boot::bootWeb(Object(Config\Paths))
10 SYSTEMPATH\rewrite.php(44): require_once('C:\\xampp\\htdocs\\pulseme\\public\\index.php')
CRITICAL - 2024-07-11 16:56:59 --> CodeIgniter\View\Exceptions\ViewException: Invalid file: "general-tab/general_users.php"
[Method: GET, Route: settings/general/users]
in SYSTEMPATH\Exceptions\FrameworkException.php on line 41.
 1 SYSTEMPATH\View\View.php(222): CodeIgniter\Exceptions\FrameworkException::forInvalidFile('general-tab/general_users.php')
 2 SYSTEMPATH\Common.php(1171): CodeIgniter\View\View->render('general-tab/general_users', [], true)
 3 APPPATH\Controllers\Home.php(109): view('general-tab/general_users')
 4 SYSTEMPATH\CodeIgniter.php(933): App\Controllers\Home->users()
 5 SYSTEMPATH\CodeIgniter.php(509): CodeIgniter\CodeIgniter->runController(Object(App\Controllers\Home))
 6 SYSTEMPATH\CodeIgniter.php(355): CodeIgniter\CodeIgniter->handleRequest(null, Object(Config\Cache), false)
 7 SYSTEMPATH\Boot.php(325): CodeIgniter\CodeIgniter->run()
 8 SYSTEMPATH\Boot.php(67): CodeIgniter\Boot::runCodeIgniter(Object(CodeIgniter\CodeIgniter))
 9 FCPATH\index.php(56): CodeIgniter\Boot::bootWeb(Object(Config\Paths))
10 SYSTEMPATH\rewrite.php(44): require_once('C:\\xampp\\htdocs\\pulseme\\public\\index.php')
CRITICAL - 2024-07-11 18:01:14 --> CodeIgniter\View\Exceptions\ViewException: Invalid file: "contact-card-tab/contact_templates.php"
[Method: GET, Route: settings/contact-card/contact-templates]
in SYSTEMPATH\Exceptions\FrameworkException.php on line 41.
 1 SYSTEMPATH\View\View.php(222): CodeIgniter\Exceptions\FrameworkException::forInvalidFile('contact-card-tab/contact_templates.php')
 2 SYSTEMPATH\Common.php(1171): CodeIgniter\View\View->render('contact-card-tab/contact_templates', [], true)
 3 APPPATH\Controllers\Home.php(121): view('contact-card-tab/contact_templates')
 4 SYSTEMPATH\CodeIgniter.php(933): App\Controllers\Home->contact_template()
 5 SYSTEMPATH\CodeIgniter.php(509): CodeIgniter\CodeIgniter->runController(Object(App\Controllers\Home))
 6 SYSTEMPATH\CodeIgniter.php(355): CodeIgniter\CodeIgniter->handleRequest(null, Object(Config\Cache), false)
 7 SYSTEMPATH\Boot.php(325): CodeIgniter\CodeIgniter->run()
 8 SYSTEMPATH\Boot.php(67): CodeIgniter\Boot::runCodeIgniter(Object(CodeIgniter\CodeIgniter))
 9 FCPATH\index.php(56): CodeIgniter\Boot::bootWeb(Object(Config\Paths))
10 SYSTEMPATH\rewrite.php(44): require_once('C:\\xampp\\htdocs\\pulseme\\public\\index.php')
CRITICAL - 2024-07-11 18:02:07 --> CodeIgniter\View\Exceptions\ViewException: Invalid file: "contact-card-tab/contact_templates.php"
[Method: GET, Route: settings/contact-card/contact-templates]
in SYSTEMPATH\Exceptions\FrameworkException.php on line 41.
 1 SYSTEMPATH\View\View.php(222): CodeIgniter\Exceptions\FrameworkException::forInvalidFile('contact-card-tab/contact_templates.php')
 2 SYSTEMPATH\Common.php(1171): CodeIgniter\View\View->render('contact-card-tab/contact_templates', [], true)
 3 APPPATH\Controllers\Home.php(121): view('contact-card-tab/contact_templates')
 4 SYSTEMPATH\CodeIgniter.php(933): App\Controllers\Home->contact_template()
 5 SYSTEMPATH\CodeIgniter.php(509): CodeIgniter\CodeIgniter->runController(Object(App\Controllers\Home))
 6 SYSTEMPATH\CodeIgniter.php(355): CodeIgniter\CodeIgniter->handleRequest(null, Object(Config\Cache), false)
 7 SYSTEMPATH\Boot.php(325): CodeIgniter\CodeIgniter->run()
 8 SYSTEMPATH\Boot.php(67): CodeIgniter\Boot::runCodeIgniter(Object(CodeIgniter\CodeIgniter))
 9 FCPATH\index.php(56): CodeIgniter\Boot::bootWeb(Object(Config\Paths))
10 SYSTEMPATH\rewrite.php(44): require_once('C:\\xampp\\htdocs\\pulseme\\public\\index.php')
CRITICAL - 2024-07-11 18:02:08 --> CodeIgniter\View\Exceptions\ViewException: Invalid file: "contact-card-tab/contact_templates.php"
[Method: GET, Route: settings/contact-card/contact-templates]
in SYSTEMPATH\Exceptions\FrameworkException.php on line 41.
 1 SYSTEMPATH\View\View.php(222): CodeIgniter\Exceptions\FrameworkException::forInvalidFile('contact-card-tab/contact_templates.php')
 2 SYSTEMPATH\Common.php(1171): CodeIgniter\View\View->render('contact-card-tab/contact_templates', [], true)
 3 APPPATH\Controllers\Home.php(121): view('contact-card-tab/contact_templates')
 4 SYSTEMPATH\CodeIgniter.php(933): App\Controllers\Home->contact_template()
 5 SYSTEMPATH\CodeIgniter.php(509): CodeIgniter\CodeIgniter->runController(Object(App\Controllers\Home))
 6 SYSTEMPATH\CodeIgniter.php(355): CodeIgniter\CodeIgniter->handleRequest(null, Object(Config\Cache), false)
 7 SYSTEMPATH\Boot.php(325): CodeIgniter\CodeIgniter->run()
 8 SYSTEMPATH\Boot.php(67): CodeIgniter\Boot::runCodeIgniter(Object(CodeIgniter\CodeIgniter))
 9 FCPATH\index.php(56): CodeIgniter\Boot::bootWeb(Object(Config\Paths))
10 SYSTEMPATH\rewrite.php(44): require_once('C:\\xampp\\htdocs\\pulseme\\public\\index.php')
CRITICAL - 2024-07-11 18:12:51 --> CodeIgniter\View\Exceptions\ViewException: Invalid file: "contact-card-tab/contact_templates.php"
[Method: GET, Route: settings/contact-card/contact-templates]
in SYSTEMPATH\Exceptions\FrameworkException.php on line 41.
 1 SYSTEMPATH\View\View.php(222): CodeIgniter\Exceptions\FrameworkException::forInvalidFile('contact-card-tab/contact_templates.php')
 2 SYSTEMPATH\Common.php(1171): CodeIgniter\View\View->render('contact-card-tab/contact_templates', [], true)
 3 APPPATH\Controllers\Home.php(121): view('contact-card-tab/contact_templates')
 4 SYSTEMPATH\CodeIgniter.php(933): App\Controllers\Home->contact_template()
 5 SYSTEMPATH\CodeIgniter.php(509): CodeIgniter\CodeIgniter->runController(Object(App\Controllers\Home))
 6 SYSTEMPATH\CodeIgniter.php(355): CodeIgniter\CodeIgniter->handleRequest(null, Object(Config\Cache), false)
 7 SYSTEMPATH\Boot.php(325): CodeIgniter\CodeIgniter->run()
 8 SYSTEMPATH\Boot.php(67): CodeIgniter\Boot::runCodeIgniter(Object(CodeIgniter\CodeIgniter))
 9 FCPATH\index.php(56): CodeIgniter\Boot::bootWeb(Object(Config\Paths))
10 SYSTEMPATH\rewrite.php(44): require_once('C:\\xampp\\htdocs\\pulseme\\public\\index.php')
CRITICAL - 2024-07-11 18:57:35 --> TypeError: App\Controllers\Home::reviews(): Return value must be of type string, CodeIgniter\HTTP\RedirectResponse returned
[Method: GET, Route: analyze/reviews/reviews]
in APPPATH\Controllers\Home.php on line 63.
 1 SYSTEMPATH\CodeIgniter.php(933): App\Controllers\Home->reviews()
 2 SYSTEMPATH\CodeIgniter.php(509): CodeIgniter\CodeIgniter->runController(Object(App\Controllers\Home))
 3 SYSTEMPATH\CodeIgniter.php(355): CodeIgniter\CodeIgniter->handleRequest(null, Object(Config\Cache), false)
 4 SYSTEMPATH\Boot.php(325): CodeIgniter\CodeIgniter->run()
 5 SYSTEMPATH\Boot.php(67): CodeIgniter\Boot::runCodeIgniter(Object(CodeIgniter\CodeIgniter))
 6 FCPATH\index.php(56): CodeIgniter\Boot::bootWeb(Object(Config\Paths))
 7 SYSTEMPATH\rewrite.php(44): require_once('D:\\xampp\\htdocs\\pulseme\\public\\index.php')
CRITICAL - 2024-07-11 18:57:39 --> TypeError: App\Controllers\Home::reviews(): Return value must be of type string, CodeIgniter\HTTP\RedirectResponse returned
[Method: GET, Route: analyze/reviews/reviews]
in APPPATH\Controllers\Home.php on line 63.
 1 SYSTEMPATH\CodeIgniter.php(933): App\Controllers\Home->reviews()
 2 SYSTEMPATH\CodeIgniter.php(509): CodeIgniter\CodeIgniter->runController(Object(App\Controllers\Home))
 3 SYSTEMPATH\CodeIgniter.php(355): CodeIgniter\CodeIgniter->handleRequest(null, Object(Config\Cache), false)
 4 SYSTEMPATH\Boot.php(325): CodeIgniter\CodeIgniter->run()
 5 SYSTEMPATH\Boot.php(67): CodeIgniter\Boot::runCodeIgniter(Object(CodeIgniter\CodeIgniter))
 6 FCPATH\index.php(56): CodeIgniter\Boot::bootWeb(Object(Config\Paths))
 7 SYSTEMPATH\rewrite.php(44): require_once('D:\\xampp\\htdocs\\pulseme\\public\\index.php')
CRITICAL - 2024-07-11 18:57:48 --> TypeError: App\Controllers\Home::reviews(): Return value must be of type string, CodeIgniter\HTTP\RedirectResponse returned
[Method: GET, Route: analyze/reviews/reviews]
in APPPATH\Controllers\Home.php on line 63.
 1 SYSTEMPATH\CodeIgniter.php(933): App\Controllers\Home->reviews()
 2 SYSTEMPATH\CodeIgniter.php(509): CodeIgniter\CodeIgniter->runController(Object(App\Controllers\Home))
 3 SYSTEMPATH\CodeIgniter.php(355): CodeIgniter\CodeIgniter->handleRequest(null, Object(Config\Cache), false)
 4 SYSTEMPATH\Boot.php(325): CodeIgniter\CodeIgniter->run()
 5 SYSTEMPATH\Boot.php(67): CodeIgniter\Boot::runCodeIgniter(Object(CodeIgniter\CodeIgniter))
 6 FCPATH\index.php(56): CodeIgniter\Boot::bootWeb(Object(Config\Paths))
 7 SYSTEMPATH\rewrite.php(44): require_once('D:\\xampp\\htdocs\\pulseme\\public\\index.php')
CRITICAL - 2024-07-11 18:58:00 --> TypeError: App\Controllers\Home::reviews(): Return value must be of type string, CodeIgniter\HTTP\RedirectResponse returned
[Method: GET, Route: analyze/reviews/reviews]
in APPPATH\Controllers\Home.php on line 63.
 1 SYSTEMPATH\CodeIgniter.php(933): App\Controllers\Home->reviews()
 2 SYSTEMPATH\CodeIgniter.php(509): CodeIgniter\CodeIgniter->runController(Object(App\Controllers\Home))
 3 SYSTEMPATH\CodeIgniter.php(355): CodeIgniter\CodeIgniter->handleRequest(null, Object(Config\Cache), false)
 4 SYSTEMPATH\Boot.php(325): CodeIgniter\CodeIgniter->run()
 5 SYSTEMPATH\Boot.php(67): CodeIgniter\Boot::runCodeIgniter(Object(CodeIgniter\CodeIgniter))
 6 FCPATH\index.php(56): CodeIgniter\Boot::bootWeb(Object(Config\Paths))
 7 SYSTEMPATH\rewrite.php(44): require_once('D:\\xampp\\htdocs\\pulseme\\public\\index.php')
CRITICAL - 2024-07-11 18:58:21 --> TypeError: App\Controllers\Home::reviews(): Return value must be of type string, CodeIgniter\HTTP\RedirectResponse returned
[Method: GET, Route: analyze/reviews/reviews]
in APPPATH\Controllers\Home.php on line 63.
 1 SYSTEMPATH\CodeIgniter.php(933): App\Controllers\Home->reviews()
 2 SYSTEMPATH\CodeIgniter.php(509): CodeIgniter\CodeIgniter->runController(Object(App\Controllers\Home))
 3 SYSTEMPATH\CodeIgniter.php(355): CodeIgniter\CodeIgniter->handleRequest(null, Object(Config\Cache), false)
 4 SYSTEMPATH\Boot.php(325): CodeIgniter\CodeIgniter->run()
 5 SYSTEMPATH\Boot.php(67): CodeIgniter\Boot::runCodeIgniter(Object(CodeIgniter\CodeIgniter))
 6 FCPATH\index.php(56): CodeIgniter\Boot::bootWeb(Object(Config\Paths))
 7 SYSTEMPATH\rewrite.php(44): require_once('D:\\xampp\\htdocs\\pulseme\\public\\index.php')
CRITICAL - 2024-07-11 18:59:27 --> TypeError: App\Controllers\Home::reviews(): Return value must be of type string, CodeIgniter\HTTP\RedirectResponse returned
[Method: GET, Route: analyze/reviews/reviews]
in APPPATH\Controllers\Home.php on line 63.
 1 SYSTEMPATH\CodeIgniter.php(933): App\Controllers\Home->reviews()
 2 SYSTEMPATH\CodeIgniter.php(509): CodeIgniter\CodeIgniter->runController(Object(App\Controllers\Home))
 3 SYSTEMPATH\CodeIgniter.php(355): CodeIgniter\CodeIgniter->handleRequest(null, Object(Config\Cache), false)
 4 SYSTEMPATH\Boot.php(325): CodeIgniter\CodeIgniter->run()
 5 SYSTEMPATH\Boot.php(67): CodeIgniter\Boot::runCodeIgniter(Object(CodeIgniter\CodeIgniter))
 6 FCPATH\index.php(56): CodeIgniter\Boot::bootWeb(Object(Config\Paths))
 7 SYSTEMPATH\rewrite.php(44): require_once('D:\\xampp\\htdocs\\pulseme\\public\\index.php')
CRITICAL - 2024-07-11 18:59:28 --> TypeError: App\Controllers\Home::reviews(): Return value must be of type string, CodeIgniter\HTTP\RedirectResponse returned
[Method: GET, Route: analyze/reviews/reviews]
in APPPATH\Controllers\Home.php on line 63.
 1 SYSTEMPATH\CodeIgniter.php(933): App\Controllers\Home->reviews()
 2 SYSTEMPATH\CodeIgniter.php(509): CodeIgniter\CodeIgniter->runController(Object(App\Controllers\Home))
 3 SYSTEMPATH\CodeIgniter.php(355): CodeIgniter\CodeIgniter->handleRequest(null, Object(Config\Cache), false)
 4 SYSTEMPATH\Boot.php(325): CodeIgniter\CodeIgniter->run()
 5 SYSTEMPATH\Boot.php(67): CodeIgniter\Boot::runCodeIgniter(Object(CodeIgniter\CodeIgniter))
 6 FCPATH\index.php(56): CodeIgniter\Boot::bootWeb(Object(Config\Paths))
 7 SYSTEMPATH\rewrite.php(44): require_once('D:\\xampp\\htdocs\\pulseme\\public\\index.php')
CRITICAL - 2024-07-11 18:59:29 --> TypeError: App\Controllers\Home::reviews(): Return value must be of type string, CodeIgniter\HTTP\RedirectResponse returned
[Method: GET, Route: analyze/reviews/reviews]
in APPPATH\Controllers\Home.php on line 63.
 1 SYSTEMPATH\CodeIgniter.php(933): App\Controllers\Home->reviews()
 2 SYSTEMPATH\CodeIgniter.php(509): CodeIgniter\CodeIgniter->runController(Object(App\Controllers\Home))
 3 SYSTEMPATH\CodeIgniter.php(355): CodeIgniter\CodeIgniter->handleRequest(null, Object(Config\Cache), false)
 4 SYSTEMPATH\Boot.php(325): CodeIgniter\CodeIgniter->run()
 5 SYSTEMPATH\Boot.php(67): CodeIgniter\Boot::runCodeIgniter(Object(CodeIgniter\CodeIgniter))
 6 FCPATH\index.php(56): CodeIgniter\Boot::bootWeb(Object(Config\Paths))
 7 SYSTEMPATH\rewrite.php(44): require_once('D:\\xampp\\htdocs\\pulseme\\public\\index.php')
CRITICAL - 2024-07-11 18:59:29 --> TypeError: App\Controllers\Home::reviews(): Return value must be of type string, CodeIgniter\HTTP\RedirectResponse returned
[Method: GET, Route: analyze/reviews/reviews]
in APPPATH\Controllers\Home.php on line 63.
 1 SYSTEMPATH\CodeIgniter.php(933): App\Controllers\Home->reviews()
 2 SYSTEMPATH\CodeIgniter.php(509): CodeIgniter\CodeIgniter->runController(Object(App\Controllers\Home))
 3 SYSTEMPATH\CodeIgniter.php(355): CodeIgniter\CodeIgniter->handleRequest(null, Object(Config\Cache), false)
 4 SYSTEMPATH\Boot.php(325): CodeIgniter\CodeIgniter->run()
 5 SYSTEMPATH\Boot.php(67): CodeIgniter\Boot::runCodeIgniter(Object(CodeIgniter\CodeIgniter))
 6 FCPATH\index.php(56): CodeIgniter\Boot::bootWeb(Object(Config\Paths))
 7 SYSTEMPATH\rewrite.php(44): require_once('D:\\xampp\\htdocs\\pulseme\\public\\index.php')
CRITICAL - 2024-07-11 18:59:44 --> TypeError: App\Controllers\Home::reviews(): Return value must be of type string, CodeIgniter\HTTP\RedirectResponse returned
[Method: GET, Route: analyze/reviews/reviews]
in APPPATH\Controllers\Home.php on line 63.
 1 SYSTEMPATH\CodeIgniter.php(933): App\Controllers\Home->reviews()
 2 SYSTEMPATH\CodeIgniter.php(509): CodeIgniter\CodeIgniter->runController(Object(App\Controllers\Home))
 3 SYSTEMPATH\CodeIgniter.php(355): CodeIgniter\CodeIgniter->handleRequest(null, Object(Config\Cache), false)
 4 SYSTEMPATH\Boot.php(325): CodeIgniter\CodeIgniter->run()
 5 SYSTEMPATH\Boot.php(67): CodeIgniter\Boot::runCodeIgniter(Object(CodeIgniter\CodeIgniter))
 6 FCPATH\index.php(56): CodeIgniter\Boot::bootWeb(Object(Config\Paths))
 7 SYSTEMPATH\rewrite.php(44): require_once('D:\\xampp\\htdocs\\pulseme\\public\\index.php')
